Open5GS daemon v2.7.6

06/10 23:04:13.548: [app] INFO: Configuration: '/etc/open5gs/udr.yaml' (../lib/app/ogs-init.c:144)
06/10 23:04:13.548: [app] INFO: File Logging: '/var/log/open5gs/udr.log' (../lib/app/ogs-init.c:147)
06/10 23:04:13.549: [sbi] INFO: Setup NF EndPoint(addr) [10.10.0.200:7777] (../lib/sbi/context.c:507)
06/10 23:04:13.550: [dbi] INFO: MongoDB URI: 'mongodb://mongo/open5gs' (../lib/dbi/ogs-mongoc.c:130)
06/10 23:04:13.550: [sbi] INFO: NF Service [nudr-dr] (../lib/sbi/context.c:1994)
06/10 23:04:13.551: [sbi] INFO: nghttp2_server() [http://10.10.0.15]:7777 (../lib/sbi/nghttp2-server.c:439)
06/10 23:04:13.551: [app] INFO: UDR initialize...done (../src/udr/app.c:31)
06/10 23:04:13.551: [sbi] WARNING: Couldn't connect to server (7): Failed to connect to 10.10.0.200 port 7777: Connection refused (../lib/sbi/client.c:757)
06/10 23:04:13.551: [sbi] WARNING: ogs_sbi_client_handler() failed [-1] (../lib/sbi/path.c:62)
06/10 23:04:24.561: [sbi] WARNING: [d7eee06c-6539-41f1-91de-5d35f312bb73] Retry registration with NRF (../lib/sbi/nf-sm.c:256)
06/10 23:04:24.564: [sbi] INFO: [d7eee06c-6539-41f1-91de-5d35f312bb73] NF registered [Heartbeat:10s] (../lib/sbi/nf-sm.c:295)
06/10 23:04:24.565: [sbi] INFO: Setup NF EndPoint(addr) [10.10.0.10:7777] (../lib/sbi/nnrf-handler.c:955)
06/10 23:04:24.565: [sbi] INFO: [de7faeac-6539-41f1-a3e4-bb0ce4d84707] Subscription created until 2026-06-11T23:04:24.564737-03:00 [duration:86400000000,validity:86400.000000,patch:43200.000000] (../lib/sbi/nnrf-handler.c:874)
06/10 23:07:15.723: [sbi] ERROR: [d7eee06c-6539-41f1-91de-5d35f312bb73] No heartbeat [type:UDR] (../lib/sbi/nf-sm.c:431)
06/10 23:07:15.723: [sbi] INFO: [d7eee06c-6539-41f1-91de-5d35f312bb73] NF de-registered (../lib/sbi/nf-sm.c:324)
06/10 23:07:25.731: [sbi] ERROR: [d7eee06c-6539-41f1-91de-5d35f312bb73] HTTP Response Status Code [500] (../lib/sbi/nf-sm.c:232)
06/10 23:07:27.733: [sbi] WARNING: [d7eee06c-6539-41f1-91de-5d35f312bb73] Retry registration with NRF (../lib/sbi/nf-sm.c:529)
06/10 23:07:27.733: [sbi] ERROR: [d7eee06c-6539-41f1-91de-5d35f312bb73] HTTP Response Status Code [500] (../lib/sbi/nf-sm.c:232)
06/10 23:07:29.735: [sbi] WARNING: [d7eee06c-6539-41f1-91de-5d35f312bb73] Retry registration with NRF (../lib/sbi/nf-sm.c:529)
06/10 23:07:29.736: [sbi] ERROR: [d7eee06c-6539-41f1-91de-5d35f312bb73] HTTP Response Status Code [500] (../lib/sbi/nf-sm.c:232)
06/10 23:07:31.738: [sbi] WARNING: [d7eee06c-6539-41f1-91de-5d35f312bb73] Retry registration with NRF (../lib/sbi/nf-sm.c:529)
06/10 23:07:31.739: [sbi] ERROR: [d7eee06c-6539-41f1-91de-5d35f312bb73] HTTP Response Status Code [500] (../lib/sbi/nf-sm.c:232)
06/10 23:07:33.740: [sbi] WARNING: [d7eee06c-6539-41f1-91de-5d35f312bb73] Retry registration with NRF (../lib/sbi/nf-sm.c:529)
06/10 23:07:33.742: [sbi] INFO: [d7eee06c-6539-41f1-91de-5d35f312bb73] NF registered [Heartbeat:10s] (../lib/sbi/nf-sm.c:295)
06/10 23:07:33.742: [sbi] INFO: Setup NF EndPoint(addr) [10.10.0.10:7777] (../lib/sbi/nnrf-handler.c:955)
06/10 23:07:33.742: [sbi] INFO: [4f41e7a4-653a-41f1-a0b6-f59acb2714ba] Subscription created until 2026-06-11T23:07:33.742397-03:00 [duration:86400000000,validity:86400.000000,patch:43200.000000] (../lib/sbi/nnrf-handler.c:874)
06/10 23:12:09.608: [app] INFO: SIGTERM received (../src/main.c:54)
06/10 23:12:09.608: [app] INFO: Open5GS daemon terminating... (../src/main.c:231)
06/10 23:12:09.608: [sbi] INFO: [d7eee06c-6539-41f1-91de-5d35f312bb73] NF de-registered (../lib/sbi/nf-sm.c:324)
06/10 23:12:09.612: [app] INFO: UDR terminate...done (../src/udr/app.c:39)
Open5GS daemon v2.7.6

06/11 14:29:49.302: [app] INFO: Configuration: '/etc/open5gs/udr.yaml' (../lib/app/ogs-init.c:144)
06/11 14:29:49.302: [app] INFO: File Logging: '/var/log/open5gs/udr.log' (../lib/app/ogs-init.c:147)
06/11 14:29:49.304: [sbi] INFO: Setup NF EndPoint(addr) [10.10.0.200:7777] (../lib/sbi/context.c:507)
06/11 14:29:49.305: [dbi] INFO: MongoDB URI: 'mongodb://mongo/open5gs' (../lib/dbi/ogs-mongoc.c:130)
06/11 14:29:49.305: [sbi] INFO: NF Service [nudr-dr] (../lib/sbi/context.c:1994)
06/11 14:29:49.305: [sbi] INFO: nghttp2_server() [http://10.10.0.15]:7777 (../lib/sbi/nghttp2-server.c:439)
06/11 14:29:49.305: [app] INFO: UDR initialize...done (../src/udr/app.c:31)
06/11 14:29:49.306: [sbi] WARNING: Couldn't connect to server (7): Failed to connect to 10.10.0.200 port 7777: Connection refused (../lib/sbi/client.c:757)
06/11 14:29:49.306: [sbi] WARNING: ogs_sbi_client_handler() failed [-1] (../lib/sbi/path.c:62)
06/11 14:30:00.317: [sbi] WARNING: [25d290cc-65bb-41f1-ba5d-51965545756f] Retry registration with NRF (../lib/sbi/nf-sm.c:256)
06/11 14:30:00.320: [sbi] INFO: [25d290cc-65bb-41f1-ba5d-51965545756f] NF registered [Heartbeat:10s] (../lib/sbi/nf-sm.c:295)
06/11 14:30:00.321: [sbi] INFO: Setup NF EndPoint(addr) [10.10.0.10:7777] (../lib/sbi/nnrf-handler.c:955)
06/11 14:30:00.321: [sbi] INFO: [2c638482-65bb-41f1-8747-05ce2f2128c6] Subscription created until 2026-06-12T14:30:00.320572-03:00 [duration:86400000000,validity:86400.000000,patch:43200.000000] (../lib/sbi/nnrf-handler.c:874)
06/11 16:39:20.066: [app] INFO: SIGTERM received (../src/main.c:54)
06/11 16:39:20.066: [app] INFO: Open5GS daemon terminating... (../src/main.c:231)
06/11 16:39:20.068: [sbi] INFO: [25d290cc-65bb-41f1-ba5d-51965545756f] NF de-registered (../lib/sbi/nf-sm.c:324)
06/11 16:39:20.083: [app] INFO: UDR terminate...done (../src/udr/app.c:39)
Open5GS daemon v2.7.6

06/11 17:52:59.930: [app] INFO: Configuration: '/etc/open5gs/udr.yaml' (../lib/app/ogs-init.c:144)
06/11 17:52:59.930: [app] INFO: File Logging: '/var/log/open5gs/udr.log' (../lib/app/ogs-init.c:147)
06/11 17:52:59.932: [sbi] INFO: Setup NF EndPoint(addr) [10.10.0.200:7777] (../lib/sbi/context.c:507)
06/11 17:52:59.933: [dbi] INFO: MongoDB URI: 'mongodb://mongo/open5gs' (../lib/dbi/ogs-mongoc.c:130)
06/11 17:52:59.933: [sbi] INFO: NF Service [nudr-dr] (../lib/sbi/context.c:1994)
06/11 17:52:59.933: [sbi] INFO: nghttp2_server() [http://10.10.0.15]:7777 (../lib/sbi/nghttp2-server.c:439)
06/11 17:52:59.933: [app] INFO: UDR initialize...done (../src/udr/app.c:31)
06/11 17:52:59.933: [sbi] WARNING: Couldn't connect to server (7): Failed to connect to 10.10.0.200 port 7777: Connection refused (../lib/sbi/client.c:757)
06/11 17:52:59.933: [sbi] WARNING: ogs_sbi_client_handler() failed [-1] (../lib/sbi/path.c:62)
06/11 17:53:10.944: [sbi] WARNING: [8800bb22-65d7-41f1-b67b-013a56074a1c] Retry registration with NRF (../lib/sbi/nf-sm.c:256)
06/11 17:53:10.946: [sbi] INFO: [8800bb22-65d7-41f1-b67b-013a56074a1c] NF registered [Heartbeat:10s] (../lib/sbi/nf-sm.c:295)
06/11 17:53:10.947: [sbi] INFO: Setup NF EndPoint(addr) [10.10.0.10:7777] (../lib/sbi/nnrf-handler.c:955)
06/11 17:53:10.947: [sbi] INFO: [8e918af2-65d7-41f1-b14d-152f5e44d1e2] Subscription created until 2026-06-12T17:53:10.947344-03:00 [duration:86400000000,validity:86400.000000,patch:43200.000000] (../lib/sbi/nnrf-handler.c:874)
06/11 17:57:13.910: [app] INFO: SIGTERM received (../src/main.c:54)
06/11 17:57:13.910: [app] INFO: Open5GS daemon terminating... (../src/main.c:231)
06/11 17:57:13.910: [sbi] INFO: [8800bb22-65d7-41f1-b67b-013a56074a1c] NF de-registered (../lib/sbi/nf-sm.c:324)
06/11 17:57:13.912: [app] INFO: UDR terminate...done (../src/udr/app.c:39)
